INFO    2016-01-25 02:30:10,494 [http-listener-1(3)] controller.Servlet  - Mon Jan 25 02:30:10 EET 2016 Get action was called: home
INFO    2016-01-25 02:30:28,095 [http-listener-1(4)] controller.Servlet  - Mon Jan 25 02:30:28 EET 2016 Get action was called: mainMenu
INFO    2016-01-25 02:32:13,172 [http-listener-1(1)] controller.Servlet  - Get action was called: home
INFO    2016-01-25 02:34:47,327 [http-listener-1(3)] controller.Servlet  - Get action was called: mainMenu
INFO    2016-01-25 02:34:54,541 [http-listener-1(3)] controller.Servlet  - Get action was performed: mainMenu
INFO    2016-01-25 02:34:59,340 [http-listener-1(2)] controller.Servlet  - Get action was called: mainMenu
INFO    2016-01-25 02:34:59,401 [http-listener-1(2)] controller.Servlet  - Get action was performed: mainMenu
INFO    2016-01-25 02:34:59,713 [http-listener-1(5)] controller.Servlet  - Get action was called: mainMenu
INFO    2016-01-25 02:34:59,747 [http-listener-1(5)] controller.Servlet  - Get action was performed: mainMenu
INFO    2016-01-25 02:35:01,226 [http-listener-1(2)] controller.Servlet  - Get action was called: mainMenu
INFO    2016-01-25 02:35:01,280 [http-listener-1(2)] controller.Servlet  - Get action was performed: mainMenu
INFO    2016-01-25 02:35:01,283 [http-listener-1(3)] controller.Servlet  - Get action was called: mainMenu
INFO    2016-01-25 02:35:01,344 [http-listener-1(3)] controller.Servlet  - Get action was performed: mainMenu
INFO    2016-01-25 02:35:03,297 [http-listener-1(5)] controller.Servlet  - Get action was called: mainMenu
INFO    2016-01-25 02:35:03,330 [http-listener-1(5)] controller.Servlet  - Get action was performed: mainMenu
INFO    2016-01-25 02:35:03,680 [http-listener-1(4)] controller.Servlet  - Get action was called: mainMenu
INFO    2016-01-25 02:35:03,720 [http-listener-1(4)] controller.Servlet  - Get action was performed: mainMenu
INFO    2016-01-25 02:35:05,157 [http-listener-1(2)] controller.Servlet  - Get action was called: mainMenu
INFO    2016-01-25 02:35:05,205 [http-listener-1(2)] controller.Servlet  - Get action was performed: mainMenu
INFO    2016-01-25 02:35:05,542 [http-listener-1(3)] controller.Servlet  - Get action was called: mainMenu
INFO    2016-01-25 02:35:05,571 [http-listener-1(3)] controller.Servlet  - Get action was performed: mainMenu
INFO    2016-01-25 02:35:57,270 [http-listener-1(2)] controller.Servlet  - Get action was called: mainMenu
INFO    2016-01-25 02:35:57,317 [http-listener-1(2)] controller.Servlet  - Get action was performed: mainMenu
INFO    2016-01-25 02:36:00,636 [http-listener-1(3)] controller.Servlet  - Get action was called: loginRequest
INFO    2016-01-25 02:36:02,019 [http-listener-1(3)] controller.Servlet  - Get action was performed: loginRequest
INFO    2016-01-25 02:36:05,996 [http-listener-1(1)] controller.Servlet  - Post action was called: login
INFO    2016-01-25 02:36:06,571 [http-listener-1(1)] controller.Servlet  - Post action was performed: login
INFO    2016-01-25 02:36:06,592 [http-listener-1(5)] controller.Servlet  - Get action was called: mainMenu
INFO    2016-01-25 02:36:08,118 [http-listener-1(5)] controller.Servlet  - Get action was performed: mainMenu
INFO    2016-01-25 02:36:22,857 [http-listener-1(2)] controller.Servlet  - Post action was called: addToBasket
INFO    2016-01-25 02:36:23,505 [http-listener-1(2)] controller.Servlet  - Post action was performed: addToBasket
INFO    2016-01-25 02:36:23,539 [http-listener-1(3)] controller.Servlet  - Get action was called: basket
INFO    2016-01-25 02:36:25,307 [http-listener-1(3)] controller.Servlet  - Get action was performed: basket
INFO    2016-01-25 02:36:33,580 [http-listener-1(1)] controller.Servlet  - Post action was called: clearBasket
INFO    2016-01-25 02:36:33,840 [http-listener-1(1)] controller.Servlet  - Post action was performed: clearBasket
INFO    2016-01-25 02:36:33,858 [http-listener-1(4)] controller.Servlet  - Get action was called: basket
INFO    2016-01-25 02:36:33,871 [http-listener-1(4)] controller.Servlet  - Get action was performed: basket
INFO    2016-01-25 02:36:45,069 [http-listener-1(5)] controller.Servlet  - Get action was called: logout
INFO    2016-01-25 02:36:45,072 [http-listener-1(5)] controller.Servlet  - Get action was performed: logout
INFO    2016-01-25 02:36:45,088 [http-listener-1(2)] controller.Servlet  - Get action was called: basket
INFO    2016-01-25 02:36:45,089 [http-listener-1(2)] controller.Servlet  - Get action was performed: basket
INFO    2016-01-25 02:37:04,404 [http-listener-1(1)] controller.Servlet  - Get action was called: home
INFO    2016-01-25 02:37:06,070 [http-listener-1(1)] controller.Servlet  - Get action was performed: home
INFO    2016-01-25 02:37:32,741 [http-listener-1(5)] controller.Servlet  - Get action was called: loginRequest
INFO    2016-01-25 02:37:32,760 [http-listener-1(5)] controller.Servlet  - Get action was performed: loginRequest
INFO    2016-01-25 02:37:40,985 [http-listener-1(2)] controller.Servlet  - Get action was called: loginRequest
INFO    2016-01-25 02:37:40,991 [http-listener-1(2)] controller.Servlet  - Get action was performed: loginRequest
INFO    2016-01-25 02:37:43,595 [http-listener-1(3)] controller.Servlet  - Post action was called: login
INFO    2016-01-25 02:37:43,600 [http-listener-1(3)] controller.Servlet  - Post action was performed: login
INFO    2016-01-25 02:37:43,618 [http-listener-1(1)] controller.Servlet  - Get action was called: home
INFO    2016-01-25 02:37:43,631 [http-listener-1(1)] controller.Servlet  - Get action was performed: home
INFO    2016-01-25 02:37:49,493 [http-listener-1(4)] controller.Servlet  - Get action was called: mainMenu
INFO    2016-01-25 02:37:49,647 [http-listener-1(4)] controller.Servlet  - Get action was performed: mainMenu
INFO    2016-01-25 02:37:54,693 [http-listener-1(2)] controller.Servlet  - Post action was called: addToBasket
INFO    2016-01-25 02:37:54,964 [http-listener-1(2)] controller.Servlet  - Post action was performed: addToBasket
INFO    2016-01-25 02:37:54,979 [http-listener-1(3)] controller.Servlet  - Get action was called: basket
INFO    2016-01-25 02:37:55,044 [http-listener-1(3)] controller.Servlet  - Get action was performed: basket
INFO    2016-01-25 02:38:02,484 [http-listener-1(1)] controller.Servlet  - Post action was called: basketConfirm
INFO    2016-01-25 02:38:02,552 [http-listener-1(1)] controller.Servlet  - Post action was performed: basketConfirm
INFO    2016-01-25 02:38:02,568 [http-listener-1(4)] controller.Servlet  - Get action was called: getOrder
INFO    2016-01-25 02:38:04,376 [http-listener-1(4)] controller.Servlet  - Get action was performed: getOrder
INFO    2016-01-25 02:40:00,334 [http-listener-1(5)] controller.Servlet  - Get action was called: logout
INFO    2016-01-25 02:40:00,341 [http-listener-1(5)] controller.Servlet  - Get action was performed: logout
INFO    2016-01-25 02:40:00,378 [http-listener-1(2)] controller.Servlet  - Get action was called: getOrder
INFO    2016-01-25 02:40:00,379 [http-listener-1(2)] controller.Servlet  - Get action was performed: getOrder
INFO    2016-01-25 02:40:11,926 [http-listener-1(1)] controller.Servlet  - Get action was called: home
INFO    2016-01-25 02:40:11,942 [http-listener-1(1)] controller.Servlet  - Get action was performed: home
INFO    2016-01-25 02:40:14,117 [http-listener-1(4)] controller.Servlet  - Get action was called: loginRequest
INFO    2016-01-25 02:40:14,124 [http-listener-1(4)] controller.Servlet  - Get action was performed: loginRequest
INFO    2016-01-25 02:40:17,577 [http-listener-1(5)] controller.Servlet  - Post action was called: login
INFO    2016-01-25 02:40:17,585 [http-listener-1(5)] controller.Servlet  - Post action was performed: login
INFO    2016-01-25 02:40:17,606 [http-listener-1(2)] controller.Servlet  - Get action was called: home
INFO    2016-01-25 02:40:17,637 [http-listener-1(2)] controller.Servlet  - Get action was performed: home
INFO    2016-01-25 02:40:19,338 [http-listener-1(3)] controller.Servlet  - Get action was called: logout
INFO    2016-01-25 02:40:19,339 [http-listener-1(3)] controller.Servlet  - Get action was performed: logout
INFO    2016-01-25 02:40:19,363 [http-listener-1(1)] controller.Servlet  - Get action was called: home
INFO    2016-01-25 02:40:19,408 [http-listener-1(1)] controller.Servlet  - Get action was performed: home
INFO    2016-01-25 02:40:22,351 [http-listener-1(4)] controller.Servlet  - Get action was called: loginRequest
INFO    2016-01-25 02:40:22,363 [http-listener-1(4)] controller.Servlet  - Get action was performed: loginRequest
INFO    2016-01-25 02:40:25,093 [http-listener-1(5)] controller.Servlet  - Post action was called: login
INFO    2016-01-25 02:40:25,096 [http-listener-1(5)] controller.Servlet  - Post action was performed: login
INFO    2016-01-25 02:40:25,111 [http-listener-1(2)] controller.Servlet  - Get action was called: home
INFO    2016-01-25 02:40:25,131 [http-listener-1(2)] controller.Servlet  - Get action was performed: home
INFO    2016-01-25 02:40:26,733 [http-listener-1(3)] controller.Servlet  - Get action was called: profile
INFO    2016-01-25 02:40:28,402 [http-listener-1(3)] controller.Servlet  - Get action was performed: profile
INFO    2016-01-25 02:40:29,461 [http-listener-1(4)] controller.Servlet  - Get action was called: orders
INFO    2016-01-25 02:40:31,067 [http-listener-1(4)] controller.Servlet  - Get action was performed: orders
INFO    2016-01-25 02:40:32,002 [http-listener-1(5)] controller.Servlet  - Get action was called: getOrder
INFO    2016-01-25 02:40:32,062 [http-listener-1(5)] controller.Servlet  - Get action was performed: getOrder
INFO    2016-01-25 02:40:33,960 [http-listener-1(2)] controller.Servlet  - Get action was called: logout
INFO    2016-01-25 02:40:33,960 [http-listener-1(2)] controller.Servlet  - Get action was performed: logout
INFO    2016-01-25 02:40:33,981 [http-listener-1(1)] controller.Servlet  - Get action was called: getOrder
INFO    2016-01-25 02:40:33,981 [http-listener-1(1)] controller.Servlet  - Get action was performed: getOrder
INFO    2016-01-25 02:41:26,655 [http-listener-1(4)] controller.Servlet  - Get action was called: home
INFO    2016-01-25 02:41:33,945 [http-listener-1(4)] controller.Servlet  - Get action was performed: home
INFO    2016-01-25 02:41:37,643 [http-listener-1(2)] controller.Servlet  - Get action was called: loginRequest
INFO    2016-01-25 02:41:38,936 [http-listener-1(2)] controller.Servlet  - Get action was performed: loginRequest
INFO    2016-01-25 02:41:41,758 [http-listener-1(1)] controller.Servlet  - Post action was called: login
INFO    2016-01-25 02:41:41,979 [http-listener-1(1)] controller.Servlet  - Post action was performed: login
INFO    2016-01-25 02:41:42,019 [http-listener-1(3)] controller.Servlet  - Get action was called: home
INFO    2016-01-25 02:41:43,619 [http-listener-1(3)] controller.Servlet  - Get action was performed: home
INFO    2016-01-25 02:41:44,918 [http-listener-1(4)] controller.Servlet  - Get action was called: profile
INFO    2016-01-25 02:41:46,406 [http-listener-1(4)] controller.Servlet  - Get action was performed: profile
INFO    2016-01-25 02:41:47,547 [http-listener-1(5)] controller.Servlet  - Get action was called: orders
INFO    2016-01-25 02:41:49,221 [http-listener-1(5)] controller.Servlet  - Get action was performed: orders
INFO    2016-01-25 02:41:50,593 [http-listener-1(2)] controller.Servlet  - Get action was called: getOrder
INFO    2016-01-25 02:41:52,347 [http-listener-1(2)] controller.Servlet  - Get action was performed: getOrder
INFO    2016-01-25 02:41:53,360 [http-listener-1(1)] controller.Servlet  - Get action was called: logout
INFO    2016-01-25 02:41:53,363 [http-listener-1(1)] controller.Servlet  - Get action was performed: logout
INFO    2016-01-25 02:41:53,391 [http-listener-1(3)] controller.Servlet  - Get action was called: getOrder
INFO    2016-01-25 02:41:53,391 [http-listener-1(3)] controller.Servlet  - Get action was performed: getOrder
INFO    2016-01-25 02:41:53,423 [http-listener-1(4)] controller.Servlet  - Get action was called: home
INFO    2016-01-25 02:41:53,435 [http-listener-1(4)] controller.Servlet  - Get action was performed: home
INFO    2016-01-25 11:05:20,880 [http-listener-1(4)] controller.Servlet  - Get action was called: home
INFO    2016-01-25 11:05:27,303 [http-listener-1(4)] controller.Servlet  - Get action was performed: home
INFO    2016-01-25 11:05:28,663 [http-listener-1(5)] controller.Servlet  - Get action was called: loginRequest
INFO    2016-01-25 11:05:29,771 [http-listener-1(5)] controller.Servlet  - Get action was performed: loginRequest
INFO    2016-01-25 11:05:39,696 [http-listener-1(2)] controller.Servlet  - Post action was called: login
INFO    2016-01-25 11:05:42,160 [http-listener-1(2)] controller.Servlet  - Post action was performed: login
INFO    2016-01-25 11:05:42,190 [http-listener-1(1)] controller.Servlet  - Get action was called: loginRequest
INFO    2016-01-25 11:05:42,199 [http-listener-1(1)] controller.Servlet  - Get action was performed: loginRequest
INFO    2016-01-25 11:05:51,029 [http-listener-1(4)] controller.Servlet  - Post action was called: login
INFO    2016-01-25 11:05:51,053 [http-listener-1(4)] controller.Servlet  - Post action was performed: login
INFO    2016-01-25 11:05:51,078 [http-listener-1(3)] controller.Servlet  - Get action was called: loginRequest
INFO    2016-01-25 11:05:51,084 [http-listener-1(3)] controller.Servlet  - Get action was performed: loginRequest
INFO    2016-01-25 11:05:55,895 [http-listener-1(5)] controller.Servlet  - Post action was called: login
INFO    2016-01-25 11:05:55,903 [http-listener-1(5)] controller.Servlet  - Post action was performed: login
INFO    2016-01-25 11:05:55,932 [http-listener-1(2)] controller.Servlet  - Get action was called: loginRequest
INFO    2016-01-25 11:05:55,936 [http-listener-1(2)] controller.Servlet  - Get action was performed: loginRequest
INFO    2016-01-25 11:07:58,203 [http-listener-1(1)] controller.Servlet  - Post action was called: login
INFO    2016-01-25 11:07:58,739 [http-listener-1(1)] controller.Servlet  - Post action was performed: login
INFO    2016-01-25 11:07:58,766 [http-listener-1(4)] controller.Servlet  - Get action was called: showAcceptedOrders
INFO    2016-01-25 11:08:04,347 [http-listener-1(4)] controller.Servlet  - Get action was performed: showAcceptedOrders
INFO    2016-01-25 11:35:16,722 [http-listener-1(5)] controller.Servlet  - Get action was called: home
INFO    2016-01-25 11:35:22,855 [http-listener-1(5)] controller.Servlet  - Get action was performed: home
INFO    2016-01-25 11:35:24,866 [http-listener-1(1)] controller.Servlet  - Get action was called: loginRequest
INFO    2016-01-25 11:35:25,994 [http-listener-1(1)] controller.Servlet  - Get action was performed: loginRequest
INFO    2016-01-25 11:35:28,974 [http-listener-1(4)] controller.Servlet  - Post action was called: login
INFO    2016-01-25 11:35:29,208 [http-listener-1(4)] controller.Servlet  - Post action was performed: login
INFO    2016-01-25 11:35:29,223 [http-listener-1(3)] controller.Servlet  - Get action was called: home
INFO    2016-01-25 11:35:30,361 [http-listener-1(3)] controller.Servlet  - Get action was performed: home
INFO    2016-01-25 11:35:31,484 [http-listener-1(2)] controller.Servlet  - Get action was called: mainMenu
INFO    2016-01-25 11:35:42,007 [http-listener-1(5)] controller.Servlet  - Get action was called: mainMenu
INFO    2016-01-25 11:38:52,105 [http-listener-1(4)] controller.Servlet  - Get action was called: home
INFO    2016-01-25 11:38:52,132 [http-listener-1(4)] controller.Servlet  - Get action was performed: home
INFO    2016-01-25 11:38:53,362 [http-listener-1(3)] controller.Servlet  - Get action was called: mainMenu
INFO    2016-01-25 11:46:01,928 [http-listener-1(1)] controller.Servlet  - Get action was called: home
INFO    2016-01-25 11:46:07,566 [http-listener-1(1)] controller.Servlet  - Get action was performed: home
INFO    2016-01-25 11:46:09,026 [http-listener-1(3)] controller.Servlet  - Get action was called: mainMenu
INFO    2016-01-25 11:46:10,844 [http-listener-1(3)] controller.Servlet  - Get action was performed: mainMenu
INFO    2016-01-25 11:46:34,067 [http-listener-1(5)] controller.Servlet  - Get action was called: mainMenu
INFO    2016-01-25 11:46:34,114 [http-listener-1(5)] controller.Servlet  - Get action was performed: mainMenu
INFO    2016-01-25 11:46:35,893 [http-listener-1(4)] controller.Servlet  - Get action was called: loginRequest
INFO    2016-01-25 11:46:37,032 [http-listener-1(4)] controller.Servlet  - Get action was performed: loginRequest
INFO    2016-01-25 11:46:39,524 [http-listener-1(1)] controller.Servlet  - Post action was called: login
INFO    2016-01-25 11:46:39,644 [http-listener-1(1)] controller.Servlet  - Post action was performed: login
INFO    2016-01-25 11:46:39,663 [http-listener-1(3)] controller.Servlet  - Get action was called: mainMenu
INFO    2016-01-25 11:46:40,864 [http-listener-1(3)] controller.Servlet  - Get action was performed: mainMenu
INFO    2016-01-25 11:46:46,365 [http-listener-1(2)] controller.Servlet  - Post action was called: addToBasket
INFO    2016-01-25 11:46:46,810 [http-listener-1(2)] controller.Servlet  - Post action was performed: addToBasket
INFO    2016-01-25 11:46:46,850 [http-listener-1(5)] controller.Servlet  - Get action was called: basket
INFO    2016-01-25 11:46:48,205 [http-listener-1(5)] controller.Servlet  - Get action was performed: basket
INFO    2016-01-25 11:46:51,251 [http-listener-1(1)] controller.Servlet  - Post action was called: clearBasket
INFO    2016-01-25 11:46:51,422 [http-listener-1(1)] controller.Servlet  - Post action was performed: clearBasket
INFO    2016-01-25 11:46:51,441 [http-listener-1(3)] controller.Servlet  - Get action was called: basket
INFO    2016-01-25 11:46:51,474 [http-listener-1(3)] controller.Servlet  - Get action was performed: basket
INFO    2016-01-25 11:46:52,909 [http-listener-1(2)] controller.Servlet  - Get action was called: home
INFO    2016-01-25 11:46:52,922 [http-listener-1(2)] controller.Servlet  - Get action was performed: home
INFO    2016-01-25 11:46:54,521 [http-listener-1(5)] controller.Servlet  - Get action was called: mainMenu
INFO    2016-01-25 11:46:54,606 [http-listener-1(5)] controller.Servlet  - Get action was performed: mainMenu
INFO    2016-01-25 11:46:58,486 [http-listener-1(4)] controller.Servlet  - Post action was called: addToBasket
INFO    2016-01-25 11:46:58,646 [http-listener-1(4)] controller.Servlet  - Post action was performed: addToBasket
INFO    2016-01-25 11:46:58,659 [http-listener-1(1)] controller.Servlet  - Get action was called: basket
INFO    2016-01-25 11:46:58,722 [http-listener-1(1)] controller.Servlet  - Get action was performed: basket
INFO    2016-01-25 11:47:01,111 [http-listener-1(3)] controller.Servlet  - Post action was called: basketConfirm
INFO    2016-01-25 11:47:01,166 [http-listener-1(3)] controller.Servlet  - Post action was performed: basketConfirm
INFO    2016-01-25 11:47:01,180 [http-listener-1(2)] controller.Servlet  - Get action was called: getOrder
INFO    2016-01-25 11:47:02,693 [http-listener-1(2)] controller.Servlet  - Get action was performed: getOrder
INFO    2016-01-25 11:47:04,102 [http-listener-1(5)] controller.Servlet  - Get action was called: profile
INFO    2016-01-25 11:47:05,318 [http-listener-1(5)] controller.Servlet  - Get action was performed: profile
INFO    2016-01-25 11:47:06,149 [http-listener-1(4)] controller.Servlet  - Get action was called: basket
INFO    2016-01-25 11:47:06,178 [http-listener-1(4)] controller.Servlet  - Get action was performed: basket
INFO    2016-01-25 11:47:07,321 [http-listener-1(1)] controller.Servlet  - Get action was called: profile
INFO    2016-01-25 11:47:07,336 [http-listener-1(1)] controller.Servlet  - Get action was performed: profile
INFO    2016-01-25 11:47:08,808 [http-listener-1(3)] controller.Servlet  - Get action was called: orders
INFO    2016-01-25 11:47:10,255 [http-listener-1(3)] controller.Servlet  - Get action was performed: orders
INFO    2016-01-25 11:47:11,740 [http-listener-1(2)] controller.Servlet  - Get action was called: getOrder
INFO    2016-01-25 11:47:11,831 [http-listener-1(2)] controller.Servlet  - Get action was performed: getOrder
INFO    2016-01-25 11:47:13,223 [http-listener-1(5)] controller.Servlet  - Get action was called: logout
INFO    2016-01-25 11:47:13,224 [http-listener-1(5)] controller.Servlet  - Get action was performed: logout
INFO    2016-01-25 11:47:13,236 [http-listener-1(4)] controller.Servlet  - Get action was called: getOrder
INFO    2016-01-25 11:47:13,237 [http-listener-1(4)] controller.Servlet  - Get action was performed: getOrder
INFO    2016-01-25 11:47:13,258 [http-listener-1(1)] controller.Servlet  - Get action was called: home
INFO    2016-01-25 11:47:13,279 [http-listener-1(1)] controller.Servlet  - Get action was performed: home
INFO    2016-01-25 11:47:17,648 [http-listener-1(2)] controller.Servlet  - Get action was called: loginRequest
INFO    2016-01-25 11:47:17,660 [http-listener-1(2)] controller.Servlet  - Get action was performed: loginRequest
INFO    2016-01-25 11:47:21,529 [http-listener-1(5)] controller.Servlet  - Post action was called: login
INFO    2016-01-25 11:47:21,583 [http-listener-1(5)] controller.Servlet  - Post action was performed: login
INFO    2016-01-25 11:47:21,601 [http-listener-1(4)] controller.Servlet  - Get action was called: home
INFO    2016-01-25 11:47:22,737 [http-listener-1(4)] controller.Servlet  - Get action was performed: home
INFO    2016-01-25 11:47:25,173 [http-listener-1(1)] controller.Servlet  - Get action was called: administration
INFO    2016-01-25 11:47:26,351 [http-listener-1(1)] controller.Servlet  - Get action was performed: administration
INFO    2016-01-25 11:47:27,510 [http-listener-1(3)] controller.Servlet  - Get action was called: getAllOrders
INFO    2016-01-25 11:47:29,073 [http-listener-1(3)] controller.Servlet  - Get action was performed: getAllOrders
INFO    2016-01-25 11:47:29,914 [http-listener-1(2)] controller.Servlet  - Get action was called: getOrderByStatus
INFO    2016-01-25 11:47:29,942 [http-listener-1(2)] controller.Servlet  - Get action was performed: getOrderByStatus
INFO    2016-01-25 11:47:31,683 [http-listener-1(5)] controller.Servlet  - Get action was called: getOrderAdmin
INFO    2016-01-25 11:47:33,071 [http-listener-1(5)] controller.Servlet  - Get action was performed: getOrderAdmin
INFO    2016-01-25 11:47:34,081 [http-listener-1(4)] controller.Servlet  - Post action was called: sendToKitchen
INFO    2016-01-25 11:47:34,157 [http-listener-1(4)] controller.Servlet  - Post action was performed: sendToKitchen
INFO    2016-01-25 11:47:34,167 [http-listener-1(1)] controller.Servlet  - Get action was called: getOrderAdmin
INFO    2016-01-25 11:47:34,217 [http-listener-1(1)] controller.Servlet  - Get action was performed: getOrderAdmin
INFO    2016-01-25 11:47:40,376 [http-listener-1(2)] controller.Servlet  - Get action was called: logout
INFO    2016-01-25 11:47:40,377 [http-listener-1(2)] controller.Servlet  - Get action was performed: logout
INFO    2016-01-25 11:47:40,413 [http-listener-1(5)] controller.Servlet  - Get action was called: getOrderAdmin
INFO    2016-01-25 11:47:40,414 [http-listener-1(5)] controller.Servlet  - Get action was performed: getOrderAdmin
INFO    2016-01-25 11:47:40,436 [http-listener-1(4)] controller.Servlet  - Get action was called: home
INFO    2016-01-25 11:47:40,450 [http-listener-1(4)] controller.Servlet  - Get action was performed: home
INFO    2016-01-25 11:47:41,690 [http-listener-1(1)] controller.Servlet  - Get action was called: loginRequest
INFO    2016-01-25 11:47:41,711 [http-listener-1(1)] controller.Servlet  - Get action was performed: loginRequest
INFO    2016-01-25 11:47:45,943 [http-listener-1(3)] controller.Servlet  - Post action was called: login
INFO    2016-01-25 11:47:45,967 [http-listener-1(3)] controller.Servlet  - Post action was performed: login
INFO    2016-01-25 11:47:45,996 [http-listener-1(2)] controller.Servlet  - Get action was called: showAcceptedOrders
INFO    2016-01-25 11:47:48,658 [http-listener-1(2)] controller.Servlet  - Get action was performed: showAcceptedOrders
INFO    2016-01-25 11:47:50,045 [http-listener-1(5)] controller.Servlet  - Get action was called: getOrderKitchen
INFO    2016-01-25 11:47:51,338 [http-listener-1(5)] controller.Servlet  - Get action was performed: getOrderKitchen
INFO    2016-01-25 11:47:52,318 [http-listener-1(4)] controller.Servlet  - Post action was called: setPreparedStatus
INFO    2016-01-25 11:47:52,418 [http-listener-1(4)] controller.Servlet  - Post action was performed: setPreparedStatus
INFO    2016-01-25 11:47:52,432 [http-listener-1(1)] controller.Servlet  - Get action was called: getOrderKitchen
INFO    2016-01-25 11:47:52,480 [http-listener-1(1)] controller.Servlet  - Get action was performed: getOrderKitchen
INFO    2016-01-25 11:47:54,381 [http-listener-1(3)] controller.Servlet  - Get action was called: logout
INFO    2016-01-25 11:47:54,381 [http-listener-1(3)] controller.Servlet  - Get action was performed: logout
INFO    2016-01-25 11:47:54,445 [http-listener-1(2)] controller.Servlet  - Get action was called: getOrderKitchen
INFO    2016-01-25 11:47:54,445 [http-listener-1(2)] controller.Servlet  - Get action was performed: getOrderKitchen
INFO    2016-01-25 11:47:54,458 [http-listener-1(5)] controller.Servlet  - Get action was called: home
INFO    2016-01-25 11:47:54,476 [http-listener-1(5)] controller.Servlet  - Get action was performed: home
INFO    2016-01-25 11:47:55,626 [http-listener-1(4)] controller.Servlet  - Get action was called: loginRequest
INFO    2016-01-25 11:47:55,629 [http-listener-1(4)] controller.Servlet  - Get action was performed: loginRequest
INFO    2016-01-25 11:47:59,203 [http-listener-1(1)] controller.Servlet  - Post action was called: login
INFO    2016-01-25 11:47:59,216 [http-listener-1(1)] controller.Servlet  - Post action was performed: login
INFO    2016-01-25 11:47:59,235 [http-listener-1(3)] controller.Servlet  - Get action was called: home
INFO    2016-01-25 11:47:59,253 [http-listener-1(3)] controller.Servlet  - Get action was performed: home
INFO    2016-01-25 11:48:01,359 [http-listener-1(2)] controller.Servlet  - Get action was called: administration
INFO    2016-01-25 11:48:01,386 [http-listener-1(2)] controller.Servlet  - Get action was performed: administration
INFO    2016-01-25 11:48:02,850 [http-listener-1(5)] controller.Servlet  - Get action was called: getAllOrders
INFO    2016-01-25 11:48:03,005 [http-listener-1(5)] controller.Servlet  - Get action was performed: getAllOrders
INFO    2016-01-25 11:48:04,065 [http-listener-1(4)] controller.Servlet  - Get action was called: getOrderByStatus
INFO    2016-01-25 11:48:04,084 [http-listener-1(4)] controller.Servlet  - Get action was performed: getOrderByStatus
INFO    2016-01-25 11:48:05,340 [http-listener-1(1)] controller.Servlet  - Get action was called: getOrderAdmin
INFO    2016-01-25 11:48:05,410 [http-listener-1(1)] controller.Servlet  - Get action was performed: getOrderAdmin
INFO    2016-01-25 11:48:06,621 [http-listener-1(3)] controller.Servlet  - Post action was called: confirmPreparedOrder
INFO    2016-01-25 11:48:06,709 [http-listener-1(3)] controller.Servlet  - Post action was performed: confirmPreparedOrder
INFO    2016-01-25 11:48:06,719 [http-listener-1(2)] controller.Servlet  - Get action was called: getOrderAdmin
INFO    2016-01-25 11:48:06,762 [http-listener-1(2)] controller.Servlet  - Get action was performed: getOrderAdmin
INFO    2016-01-25 11:48:09,385 [http-listener-1(5)] controller.Servlet  - Get action was called: logout
INFO    2016-01-25 11:48:09,385 [http-listener-1(5)] controller.Servlet  - Get action was performed: logout
INFO    2016-01-25 11:48:09,418 [http-listener-1(4)] controller.Servlet  - Get action was called: getOrderAdmin
INFO    2016-01-25 11:48:09,419 [http-listener-1(4)] controller.Servlet  - Get action was performed: getOrderAdmin
INFO    2016-01-25 11:48:09,443 [http-listener-1(1)] controller.Servlet  - Get action was called: home
INFO    2016-01-25 11:48:09,464 [http-listener-1(1)] controller.Servlet  - Get action was performed: home
INFO    2016-01-25 11:48:10,553 [http-listener-1(3)] controller.Servlet  - Get action was called: loginRequest
INFO    2016-01-25 11:48:10,576 [http-listener-1(3)] controller.Servlet  - Get action was performed: loginRequest
INFO    2016-01-25 11:48:14,179 [http-listener-1(2)] controller.Servlet  - Post action was called: login
INFO    2016-01-25 11:48:14,181 [http-listener-1(2)] controller.Servlet  - Post action was performed: login
INFO    2016-01-25 11:48:14,194 [http-listener-1(5)] controller.Servlet  - Get action was called: home
INFO    2016-01-25 11:48:14,214 [http-listener-1(5)] controller.Servlet  - Get action was performed: home
INFO    2016-01-25 11:48:15,550 [http-listener-1(4)] controller.Servlet  - Get action was called: profile
INFO    2016-01-25 11:48:15,571 [http-listener-1(4)] controller.Servlet  - Get action was performed: profile
INFO    2016-01-25 11:48:16,739 [http-listener-1(1)] controller.Servlet  - Get action was called: orders
INFO    2016-01-25 11:48:16,781 [http-listener-1(1)] controller.Servlet  - Get action was performed: orders
INFO    2016-01-25 11:48:18,955 [http-listener-1(3)] controller.Servlet  - Get action was called: getOrder
INFO    2016-01-25 11:48:19,024 [http-listener-1(3)] controller.Servlet  - Get action was performed: getOrder
INFO    2016-01-25 11:48:21,469 [http-listener-1(2)] controller.Servlet  - Post action was called: payOrder
INFO    2016-01-25 11:48:21,634 [http-listener-1(2)] controller.Servlet  - Post action was performed: payOrder
INFO    2016-01-25 11:48:21,656 [http-listener-1(5)] controller.Servlet  - Get action was called: getOrder
INFO    2016-01-25 11:48:21,705 [http-listener-1(5)] controller.Servlet  - Get action was performed: getOrder
INFO    2016-01-25 11:48:24,909 [http-listener-1(4)] controller.Servlet  - Get action was called: logout
INFO    2016-01-25 11:48:24,909 [http-listener-1(4)] controller.Servlet  - Get action was performed: logout
INFO    2016-01-25 11:48:24,923 [http-listener-1(1)] controller.Servlet  - Get action was called: getOrder
INFO    2016-01-25 11:48:24,923 [http-listener-1(1)] controller.Servlet  - Get action was performed: getOrder
INFO    2016-01-25 11:48:24,960 [http-listener-1(3)] controller.Servlet  - Get action was called: home
INFO    2016-01-25 11:48:24,977 [http-listener-1(3)] controller.Servlet  - Get action was performed: home
